<?xml version="1.0" encoding="UTF-8"?>
<!-- Generated by org.testng.reporters.JUnitXMLReporter -->
<testsuite ignored="0" hostname="DESKTOP-LP7C4H4" failures="0" tests="3" name="Test" time="0.147" errors="0" timestamp="2023-01-03T16:01:55 IST">
  <testcase classname="com.SauceDemo.TestPackage.TestBaseClass" name="@BeforeMethod setUp" time="-1.672741915401E9">
    <failure type="org.testng.TestNGException" message="
Parameter &amp;apos;browserName&amp;apos; is required by BeforeMethod on method setUp but has not been marked @Optional or defined
in G:\Users\ABC\eclipse-workspace\SauceDemoProject30JulyBatch\testng.xml">
      <![CDATA[org.testng.TestNGException: 
Parameter 'browserName' is required by BeforeMethod on method setUp but has not been marked @Optional or defined
in G:\Users\ABC\eclipse-workspace\SauceDemoProject30JulyBatch\testng.xml
at java.base/java.util.concurrent.ThreadPoolExecutor.runWorker(ThreadPoolExecutor.java:1136)
at java.base/java.util.concurrent.ThreadPoolExecutor$Worker.run(ThreadPoolExecutor.java:635)
at java.base/java.lang.Thread.run(Thread.java:833)
... Removed 13 stack frames]]>
    </failure>
  </testcase> <!-- @BeforeMethod setUp -->
  <testcase classname="com.SauceDemo.TestPackage.TestBaseClass" name="@BeforeMethod setUp" time="-1.672741915401E9">
    <failure type="org.testng.TestNGException" message="
Parameter &amp;apos;browserName&amp;apos; is required by BeforeMethod on method setUp but has not been marked @Optional or defined
in G:\Users\ABC\eclipse-workspace\SauceDemoProject30JulyBatch\testng.xml">
      <![CDATA[org.testng.TestNGException: 
Parameter 'browserName' is required by BeforeMethod on method setUp but has not been marked @Optional or defined
in G:\Users\ABC\eclipse-workspace\SauceDemoProject30JulyBatch\testng.xml
at java.base/java.util.concurrent.ThreadPoolExecutor.runWorker(ThreadPoolExecutor.java:1136)
at java.base/java.util.concurrent.ThreadPoolExecutor$Worker.run(ThreadPoolExecutor.java:635)
at java.base/java.lang.Thread.run(Thread.java:833)
... Removed 13 stack frames]]>
    </failure>
  </testcase> <!-- @BeforeMethod setUp -->
  <testcase classname="com.SauceDemo.TestPackage.TestBaseClass" name="@BeforeMethod setUp" time="-1.672741915401E9">
    <failure type="org.testng.TestNGException" message="
Parameter &amp;apos;browserName&amp;apos; is required by BeforeMethod on method setUp but has not been marked @Optional or defined
in G:\Users\ABC\eclipse-workspace\SauceDemoProject30JulyBatch\testng.xml">
      <![CDATA[org.testng.TestNGException: 
Parameter 'browserName' is required by BeforeMethod on method setUp but has not been marked @Optional or defined
in G:\Users\ABC\eclipse-workspace\SauceDemoProject30JulyBatch\testng.xml
at java.base/java.util.concurrent.ThreadPoolExecutor.runWorker(ThreadPoolExecutor.java:1136)
at java.base/java.util.concurrent.ThreadPoolExecutor$Worker.run(ThreadPoolExecutor.java:635)
at java.base/java.lang.Thread.run(Thread.java:833)
... Removed 13 stack frames]]>
    </failure>
  </testcase> <!-- @BeforeMethod setUp -->
  <testcase classname="com.SauceDemo.TestPackage.TestBaseClass" name="@AfterMethod tearDown" time="-1.672741915457E9">
    <skipped/>
  </testcase> <!-- @AfterMethod tearDown -->
  <testcase classname="com.SauceDemo.TestPackage.TestBaseClass" name="@AfterMethod tearDown" time="-1.672741915465E9">
    <skipped/>
  </testcase> <!-- @AfterMethod tearDown -->
  <testcase classname="com.SauceDemo.TestPackage.TestBaseClass" name="@AfterMethod tearDown" time="-1.672741915468E9">
    <skipped/>
  </testcase> <!-- @AfterMethod tearDown -->
  <testcase classname="com.SauceDemo.TestPackage.TC01_TestClass_Verify_Login_Functionality" name="TestClass_Verify_Login_Functionality" time="0.0">
    <skipped/>
  </testcase> <!-- TestClass_Verify_Login_Functionality -->
  <testcase classname="com.SauceDemo.TestPackage.TC02_Verify_Log_out_Test_Class" name="Verify_Log_out_Test_Class" time="0.0">
    <skipped/>
  </testcase> <!-- Verify_Log_out_Test_Class -->
  <testcase classname="com.SauceDemo.TestPackage.TC03_Verify_Bag_Product_Test_Case" name="Verify_Bag_Product_Test_Case1" time="0.0">
    <skipped/>
  </testcase> <!-- Verify_Bag_Product_Test_Case1 -->
</testsuite> <!-- Test -->
