<?xml version="1.0" encoding="UTF-8"?>
<!-- Generated by org.testng.reporters.JUnitXMLReporter -->
<testsuite ignored="0" hostname="DESKTOP-LP7C4H4" failures="0" tests="2" name="ChromeTest" time="0.529" errors="0" timestamp="2023-01-04T18:54:22 IST">
  <testcase classname="com.SauceDemo.TestPackage.TestBaseClass" name="@BeforeMethod setUp" time="0.359">
    <failure type="java.lang.NullPointerException" message="Cannot invoke &amp;quot;org.openqa.selenium.WebDriver.manage()&amp;quot; because &amp;quot;this.driver&amp;quot; is null">
      <![CDATA[java.lang.NullPointerException: Cannot invoke "org.openqa.selenium.WebDriver.manage()" because "this.driver" is null
at com.SauceDemo.TestPackage.TestBaseClass.setUp(TestBaseClass.java:42)
at java.base/java.util.concurrent.ThreadPoolExecutor.runWorker(ThreadPoolExecutor.java:1136)
at java.base/java.util.concurrent.ThreadPoolExecutor$Worker.run(ThreadPoolExecutor.java:635)
at java.base/java.lang.Thread.run(Thread.java:833)
... Removed 14 stack frames]]>
    </failure>
  </testcase> <!-- @BeforeMethod setUp -->
  <testcase classname="com.SauceDemo.TestPackage.TestBaseClass" name="@BeforeMethod setUp" time="0.359">
    <failure type="java.lang.NullPointerException" message="Cannot invoke &amp;quot;org.openqa.selenium.WebDriver.manage()&amp;quot; because &amp;quot;this.driver&amp;quot; is null">
      <![CDATA[java.lang.NullPointerException: Cannot invoke "org.openqa.selenium.WebDriver.manage()" because "this.driver" is null
at com.SauceDemo.TestPackage.TestBaseClass.setUp(TestBaseClass.java:42)
at java.base/java.util.concurrent.ThreadPoolExecutor.runWorker(ThreadPoolExecutor.java:1136)
at java.base/java.util.concurrent.ThreadPoolExecutor$Worker.run(ThreadPoolExecutor.java:635)
at java.base/java.lang.Thread.run(Thread.java:833)
... Removed 14 stack frames]]>
    </failure>
  </testcase> <!-- @BeforeMethod setUp -->
  <testcase classname="com.SauceDemo.TestPackage.TestBaseClass" name="@AfterMethod tearDown" time="-1.672838662093E9">
    <skipped/>
  </testcase> <!-- @AfterMethod tearDown -->
  <testcase classname="com.SauceDemo.TestPackage.TestBaseClass" name="@AfterMethod tearDown" time="-1.672838662115E9">
    <skipped/>
  </testcase> <!-- @AfterMethod tearDown -->
  <testcase classname="com.SauceDemo.TestPackage.TC02_Verify_Log_out_Test_Class" name="Verify_Log_out_Test_Class" time="0.0">
    <skipped/>
  </testcase> <!-- Verify_Log_out_Test_Class -->
  <testcase classname="com.SauceDemo.TestPackage.TC01_TestClass_Verify_Login_Functionality" name="TestClass_Verify_Login_Functionality" time="0.0">
    <skipped/>
  </testcase> <!-- TestClass_Verify_Login_Functionality -->
</testsuite> <!-- ChromeTest -->
